This is pdfTeX, Version 3.141592653-2.6-1.40.25 (MiKTeX 24.1) (preloaded format=pdflatex 2024.10.22)  7 DEC 2024 12:50
entering extended mode
 restricted \write18 enabled.
 %&-line parsing enabled.
**./Workflow.tex
(Workflow.tex
LaTeX2e <2023-11-01> patch level 1
L3 programming layer <2024-01-04>
(C:\Users\nagar\AppData\Local\Programs\MiKTeX\tex/latex/base\article.cls
Document Class: article 2023/05/17 v1.4n Standard LaTeX document class
(C:\Users\nagar\AppData\Local\Programs\MiKTeX\tex/latex/base\size10.clo
File: size10.clo 2023/05/17 v1.4n Standard LaTeX file (size option)
)
\c@part=\count187
\c@section=\count188
\c@subsection=\count189
\c@subsubsection=\count190
\c@paragraph=\count191
\c@subparagraph=\count192
\c@figure=\count193
\c@table=\count194
\abovecaptionskip=\skip48
\belowcaptionskip=\skip49
\bibindent=\dimen140
)
(C:\Users\nagar\AppData\Local\Programs\MiKTeX\tex/latex/graphics\graphicx.sty
Package: graphicx 2021/09/16 v1.2d Enhanced LaTeX Graphics (DPC,SPQR)

(C:\Users\nagar\AppData\Local\Programs\MiKTeX\tex/latex/graphics\keyval.sty
Package: keyval 2022/05/29 v1.15 key=value parser (DPC)
\KV@toks@=\toks17
)
(C:\Users\nagar\AppData\Local\Programs\MiKTeX\tex/latex/graphics\graphics.sty
Package: graphics 2022/03/10 v1.4e Standard LaTeX Graphics (DPC,SPQR)

(C:\Users\nagar\AppData\Local\Programs\MiKTeX\tex/latex/graphics\trig.sty
Package: trig 2021/08/11 v1.11 sin cos tan (DPC)
)
(C:\Users\nagar\AppData\Local\Programs\MiKTeX\tex/latex/graphics-cfg\graphics.c
fg
File: graphics.cfg 2016/06/04 v1.11 sample graphics configuration
)
Package graphics Info: Driver file: pdftex.def on input line 107.

(C:\Users\nagar\AppData\Local\Programs\MiKTeX\tex/latex/graphics-def\pdftex.def
File: pdftex.def 2022/09/22 v1.2b Graphics/color driver for pdftex
))
\Gin@req@height=\dimen141
\Gin@req@width=\dimen142
) (C:\Users\nagar\AppData\Local\Programs\MiKTeX\tex/latex/url\url.sty
\Urlmuskip=\muskip16
Package: url 2013/09/16  ver 3.4  Verb mode for urls, etc.
)
(C:\Users\nagar\AppData\Local\Programs\MiKTeX\tex/latex/l3backend\l3backend-pdf
tex.def
File: l3backend-pdftex.def 2024-01-04 L3 backend support: PDF output (pdfTeX)
\l__color_backend_stack_int=\count195
\l__pdf_internal_box=\box51
) (Workflow.aux)
\openout1 = `Workflow.aux'.

LaTeX Font Info:    Checking defaults for OML/cmm/m/it on input line 14.
LaTeX Font Info:    ... okay on input line 14.
LaTeX Font Info:    Checking defaults for OMS/cmsy/m/n on input line 14.
LaTeX Font Info:    ... okay on input line 14.
LaTeX Font Info:    Checking defaults for OT1/cmr/m/n on input line 14.
LaTeX Font Info:    ... okay on input line 14.
LaTeX Font Info:    Checking defaults for T1/cmr/m/n on input line 14.
LaTeX Font Info:    ... okay on input line 14.
LaTeX Font Info:    Checking defaults for TS1/cmr/m/n on input line 14.
LaTeX Font Info:    ... okay on input line 14.
LaTeX Font Info:    Checking defaults for OMX/cmex/m/n on input line 14.
LaTeX Font Info:    ... okay on input line 14.
LaTeX Font Info:    Checking defaults for U/cmr/m/n on input line 14.
LaTeX Font Info:    ... okay on input line 14.

(C:\Users\nagar\AppData\Local\Programs\MiKTeX\tex/context/base/mkii\supp-pdf.mk
ii
[Loading MPS to PDF converter (version 2006.09.02).]
\scratchcounter=\count196
\scratchdimen=\dimen143
\scratchbox=\box52
\nofMPsegments=\count197
\nofMParguments=\count198
\everyMPshowfont=\toks18
\MPscratchCnt=\count199
\MPscratchDim=\dimen144
\MPnumerator=\count266
\makeMPintoPDFobject=\count267
\everyMPtoPDFconversion=\toks19
)
(C:\Users\nagar\AppData\Local\Programs\MiKTeX\tex/latex/epstopdf-pkg\epstopdf-b
ase.sty
Package: epstopdf-base 2020-01-24 v2.11 Base part for package epstopdf
Package epstopdf-base Info: Redefining graphics rule for `.eps' on input line 4
85.

(C:\Users\nagar\AppData\Local\Programs\MiKTeX\tex/latex/00miktex\epstopdf-sys.c
fg
File: epstopdf-sys.cfg 2021/03/18 v2.0 Configuration of epstopdf for MiKTeX
))
LaTeX Font Info:    External font `cmex10' loaded for size
(Font)              <12> on input line 18.
LaTeX Font Info:    External font `cmex10' loaded for size
(Font)              <8> on input line 18.
LaTeX Font Info:    External font `cmex10' loaded for size
(Font)              <6> on input line 18.

Overfull \hbox (210.16803pt too wide) in paragraph at lines 18--18
 [][] 
 []


LaTeX Warning: Citation `Pickwell's Binocular Vision Anomalies' on page 1 undef
ined on input line 34.


LaTeX Warning: Citation `Test for detecting Strabismus' on page 1 undefined on 
input line 36.


LaTeX Warning: Citation `strabismus children' on page 1 undefined on input line
 36.


LaTeX Warning: Citation `Pediatric' on page 1 undefined on input line 36.

[1

{C:/Users/nagar/AppData/Local/MiKTeX/fonts/map/pdftex/pdftex.map}]

LaTeX Warning: Citation `1' on page 2 undefined on input line 38.


LaTeX Warning: Citation `2' on page 2 undefined on input line 38.


LaTeX Warning: Citation `1' on page 2 undefined on input line 38.


LaTeX Warning: Citation `3' on page 2 undefined on input line 38.


LaTeX Warning: Citation `4' on page 2 undefined on input line 40.


LaTeX Warning: Citation `5' on page 2 undefined on input line 40.


LaTeX Warning: Citation `6' on page 2 undefined on input line 40.


LaTeX Warning: Citation `7' on page 2 undefined on input line 40.


LaTeX Warning: Citation `13' on page 2 undefined on input line 42.


LaTeX Warning: Citation `14' on page 2 undefined on input line 42.

[2]

LaTeX Warning: Citation `8' on page 3 undefined on input line 44.


LaTeX Warning: Citation `8' on page 3 undefined on input line 44.


LaTeX Warning: Citation `8' on page 3 undefined on input line 44.


LaTeX Warning: Citation `8' on page 3 undefined on input line 46.


LaTeX Warning: Citation `15' on page 3 undefined on input line 46.


LaTeX Warning: Citation `15' on page 3 undefined on input line 46.


LaTeX Warning: Citation `16' on page 3 undefined on input line 46.


LaTeX Warning: Citation `9' on page 3 undefined on input line 48.


LaTeX Warning: Citation `9' on page 3 undefined on input line 48.


LaTeX Warning: Citation `Technique for Measuring Strabismus with Synoptophore' 
on page 3 undefined on input line 51.


LaTeX Warning: Citation `18' on page 3 undefined on input line 51.


LaTeX Warning: Citation `18' on page 3 undefined on input line 51.


LaTeX Warning: Citation `19' on page 3 undefined on input line 51.


LaTeX Warning: Citation `20' on page 3 undefined on input line 51.


LaTeX Warning: Citation `21' on page 3 undefined on input line 51.

[3]

LaTeX Warning: Citation `vrhealth' on page 4 undefined on input line 53.


LaTeX Warning: Citation `Levi' on page 4 undefined on input line 53.


LaTeX Warning: Citation `Levi' on page 4 undefined on input line 53.


LaTeX Warning: Citation `vrphore' on page 4 undefined on input line 55.

[4]

LaTeX Warning: Citation `synslide' on page 5 undefined on input line 65.

LaTeX Font Info:    External font `cmex10' loaded for size
(Font)              <7> on input line 72.
LaTeX Font Info:    External font `cmex10' loaded for size
(Font)              <5> on input line 72.

Overfull \hbox (19.91678pt too wide) in paragraph at lines 91--107
 [][] 
 []

[5] [6] [7]

LaTeX Warning: File `school_patient_scatterplot.png' not found on input line 14
9.


! Package pdftex.def Error: File `school_patient_scatterplot.png' not found: us
ing draft setting.

See the pdftex.def package documentation for explanation.
Type  H <return>  for immediate help.
 ...                                              
                                                  
l.149 ...extwidth]{school_patient_scatterplot.png}
                                                  
? 

LaTeX Warning: `!h' float specifier changed to `!ht'.


LaTeX Warning: File `school_patient_barplot.png' not found on input line 158.


! Package pdftex.def Error: File `school_patient_barplot.png' not found: using 
draft setting.

See the pdftex.def package documentation for explanation.
Type  H <return>  for immediate help.
 ...                                              
                                                  
l.158 ....5\textwidth]{school_patient_barplot.png}
                                                  
? 
! Emergency stop.
 ...                                              
                                                  
l.158 ....5\textwidth]{school_patient_barplot.png}
                                                  
Try typing  <return>  to proceed.
If that doesn't work, type  X <return>  to quit.

 
Here is how much of TeX's memory you used:
 1461 strings out of 474486
 25600 string characters out of 5743754
 1942542 words of memory out of 5000000
 23777 multiletter control sequences out of 15000+600000
 563741 words of font info for 55 fonts, out of 8000000 for 9000
 1141 hyphenation exceptions out of 8191
 57i,9n,65p,1627b,280s stack positions out of 10000i,1000n,20000p,200000b,200000s
!  ==> Fatal error occurred, no output PDF file produced!
